<?xml version="1.0" encoding="UTF-8"?>
<!-- Generated by org.testng.reporters.JUnitReportReporter -->
<testsuite hostname="LAPTOP-V8Q69O7J" failures="0" tests="1" name="base.LoginPageAutomation" time="11.602" errors="0" timestamp="2025-01-07T07:33:58 IST" skipped="0">
  <testcase classname="base.LoginPageAutomation" name="login_page_with_valid_user_and_pass" time="11.602">
    <system-out>
      <![CDATA[- On Test Start
Actual Url: https://practicetestautomation.com/logged-in-successfully/
URL SUCCESSFULLY MACTHED
Login Page Text: Logged In Successfully
LOGIN PAGE TEXT SUCCESSFULLY MACTHED
Congratulation Text:: Congratulations student. You successfully logged in!
CONGRATULATION TEXT SUCCESSFULLY MACTHED
Logout Button Visible: true
Logout Button Is Displayed
VALID USERNAME AND PASSWORD
 
Username Validation Is: Your username is invalid!
INVALID USER VALIDATION SUCCESSFULLY MATCHED
INVALID USERNAME AND VALID PASSWORD
 
Password Validation Is: Your password is invalid!
INVALID PASSWORD VALIDATION SUCCESSFULLY MATCHED
VALID USERNAME AND INVALID PASSWORD
 
- On Test Success]]>
    </system-out>
  </testcase> <!-- login_page_with_valid_user_and_pass -->
  <system-out>
    <![CDATA[- On Test Start
- On Test Start
Actual Url: https://practicetestautomation.com/logged-in-successfully/
URL SUCCESSFULLY MACTHED
Login Page Text: Logged In Successfully
LOGIN PAGE TEXT SUCCESSFULLY MACTHED
Congratulation Text:: Congratulations student. You successfully logged in!
CONGRATULATION TEXT SUCCESSFULLY MACTHED
Logout Button Visible: true
Logout Button Is Displayed
VALID USERNAME AND PASSWORD
 
Username Validation Is: Your username is invalid!
INVALID USER VALIDATION SUCCESSFULLY MATCHED
INVALID USERNAME AND VALID PASSWORD
 
Password Validation Is: Your password is invalid!
INVALID PASSWORD VALIDATION SUCCESSFULLY MATCHED
VALID USERNAME AND INVALID PASSWORD
 
- On Test Success]]>
  </system-out>
</testsuite> <!-- base.LoginPageAutomation -->
